<?xml version="1.0" encoding="UTF-8"?>
<robot generator="Robot 6.1.1 (Python 3.10.1 on win32)" generated="20231212 10:01:58.364" rpa="false" schemaversion="4">
<suite id="s1" name="Serve-Rest-Front" source="c:\Projetos\robot-playwright\tests\serve-rest-front.robot">
<kw name="Cadastrar Usuário e Logar" library="serve-rest-front" type="SETUP">
<kw name="New Browser" library="Browser">
<tag>BrowserControl</tag>
<tag>Setter</tag>
<doc>Create a new playwright Browser with specified options.</doc>
<msg timestamp="20231212 10:02:01.835" level="INFO">{"browser": "chromium", "headless": true, "chromiumSandbox": false, "devtools": false, "handleSIGHUP": true, "handleSIGINT": true, "handleSIGTERM": true, "slowMo": 0.0, "timeout": 30000.0, "tracesDir": "C:\\Projetos\\robot-playwright\\browser\\traces\\8ff3d49f-3a68-44b1-ac16-ea981826045b"}</msg>
<msg timestamp="20231212 10:02:04.104" level="INFO">Successfully created browser with options: {"browser":"chromium","headless":true,"chromiumSandbox":false,"devtools":false,"handleSIGHUP":true,"handleSIGINT":true,"handleSIGTERM":true,"slowMo":0,"timeout":30000,"tracesDir":"C:\\Projetos\\robot-playwright\\browser\\traces\\8ff3d49f-3a68-44b1-ac16-ea981826045b"}</msg>
<status status="PASS" starttime="20231212 10:02:01.778" endtime="20231212 10:02:04.105"/>
</kw>
<kw name="New Page" library="Browser">
<arg>url=${SITE_SERVE_REST}</arg>
<tag>BrowserControl</tag>
<tag>Setter</tag>
<doc>Open a new Page.</doc>
<msg timestamp="20231212 10:02:13.895" level="INFO">Successfully initialized new page object and opened url: https://front.serverest.dev/</msg>
<msg timestamp="20231212 10:02:13.896" level="INFO">No context was open. New context was automatically opened when this page is created.</msg>
<status status="PASS" starttime="20231212 10:02:04.106" endtime="20231212 10:02:13.896"/>
</kw>
<kw name="Criar usuário via API" library="serve-rest-front">
<kw name="Email" library="FakerLibrary">
<var>${EMAIL}</var>
<msg timestamp="20231212 10:02:13.900" level="INFO">${EMAIL} = aaroncollins@example.org</msg>
<status status="PASS" starttime="20231212 10:02:13.897" endtime="20231212 10:02:13.900"/>
</kw>
<kw name="Set Suite Variable" library="BuiltIn">
<arg>${EMAIL}</arg>
<doc>Makes a variable available everywhere within the scope of the current suite.</doc>
<msg timestamp="20231212 10:02:13.902" level="INFO">${EMAIL} = aaroncollins@example.org</msg>
<status status="PASS" starttime="20231212 10:02:13.900" endtime="20231212 10:02:13.902"/>
</kw>
<kw name="Http" library="Browser">
<var>${resposta}</var>
<arg>url=https://serverest.dev/usuarios</arg>
<arg>method=POST</arg>
<arg>body={"nome": "Augusto Oliveira","email": "${EMAIL}","password": "123456","administrador": "true"}</arg>
<tag>HTTP</tag>
<doc>Performs an HTTP request in the current browser context</doc>
<msg timestamp="20231212 10:02:14.681" level="INFO">{'status': 201, 'body': {'message': 'Cadastro realizado com sucesso', '_id': 'c4QgbIyRtHfrVg1c'}, 'headers': {'content-length': '82', 'content-type': 'application/json; charset=utf-8'}, 'type': 'cors', 'statusText': '', 'url': 'https://serverest.dev/usuarios', 'ok': True, 'redirected': False}</msg>
<msg timestamp="20231212 10:02:14.683" level="INFO">${resposta} = {'status': 201, 'body': {'message': 'Cadastro realizado com sucesso', '_id': 'c4QgbIyRtHfrVg1c'}, 'headers': {'content-length': '82', 'content-type': 'application/json; charset=utf-8'}, 'type': 'cors'...</msg>
<status status="PASS" starttime="20231212 10:02:13.903" endtime="20231212 10:02:14.684"/>
</kw>
<kw name="Should Be Equal As Integers" library="BuiltIn">
<arg>${resposta["status"]}</arg>
<arg>201</arg>
<doc>Fails if objects are unequal after converting them to integers.</doc>
<msg timestamp="20231212 10:02:14.685" level="INFO">Argument types are:
&lt;class 'int'&gt;
&lt;class 'str'&gt;</msg>
<status status="PASS" starttime="20231212 10:02:14.685" endtime="20231212 10:02:14.685"/>
</kw>
<status status="PASS" starttime="20231212 10:02:13.897" endtime="20231212 10:02:14.685"/>
</kw>
<kw name="Logar com o usuário cadastrado via API" library="serve-rest-front">
<kw name="Http" library="Browser">
<var>${resposta}</var>
<arg>url=https://serverest.dev/login</arg>
<arg>method=POST</arg>
<arg>body={"email": "${EMAIL}","password": "123456"}</arg>
<tag>HTTP</tag>
<doc>Performs an HTTP request in the current browser context</doc>
<msg timestamp="20231212 10:02:15.159" level="INFO">{'status': 200, 'body': {'message': 'Login realizado com sucesso', 'authorization': 'Bearer eyJhbGciOiJIUzI1NiIsInR5cCI6IkpXVCJ9.eyJlbWFpbCI6ImFhcm9uY29sbGluc0BleGFtcGxlLm9yZyIsInBhc3N3b3JkIjoiMTIzNDU2IiwiaWF0IjoxNzAyMzg2MTM1LCJleHAiOjE3MDIzODY3MzV9.AkE1CivfkOMCv_ne3KuVbRzh60YC61rz5L9XWfnqZUw'}, 'headers': {'content-length': '281', 'content-type': 'application/json; charset=utf-8'}, 'type': 'cors', 'statusText': '', 'url': 'https://serverest.dev/login', 'ok': True, 'redirected': False}</msg>
<msg timestamp="20231212 10:02:15.160" level="INFO">${resposta} = {'status': 200, 'body': {'message': 'Login realizado com sucesso', 'authorization': 'Bearer eyJhbGciOiJIUzI1NiIsInR5cCI6IkpXVCJ9.eyJlbWFpbCI6ImFhcm9uY29sbGluc0BleGFtcGxlLm9yZyIsInBhc3N3b3JkIjoiMTIzNDU...</msg>
<status status="PASS" starttime="20231212 10:02:14.685" endtime="20231212 10:02:15.161"/>
</kw>
<kw name="Should Be Equal As Integers" library="BuiltIn">
<arg>${resposta["status"]}</arg>
<arg>200</arg>
<doc>Fails if objects are unequal after converting them to integers.</doc>
<msg timestamp="20231212 10:02:15.165" level="INFO">Argument types are:
&lt;class 'int'&gt;
&lt;class 'str'&gt;</msg>
<status status="PASS" starttime="20231212 10:02:15.161" endtime="20231212 10:02:15.165"/>
</kw>
<kw name="LocalStorage Set Item" library="Browser">
<arg>serverest/userEmail</arg>
<arg>${EMAIL}</arg>
<tag>PageContent</tag>
<tag>Setter</tag>
<doc>Save data to the local storage.</doc>
<msg timestamp="20231212 10:02:15.222" level="INFO">JavaScript executed successfully.</msg>
<status status="PASS" starttime="20231212 10:02:15.165" endtime="20231212 10:02:15.222"/>
</kw>
<kw name="LocalStorage Set Item" library="Browser">
<arg>serverest/userToken</arg>
<arg>${resposta["body"]["authorization"]}</arg>
<tag>PageContent</tag>
<tag>Setter</tag>
<doc>Save data to the local storage.</doc>
<msg timestamp="20231212 10:02:15.270" level="INFO">JavaScript executed successfully.</msg>
<status status="PASS" starttime="20231212 10:02:15.224" endtime="20231212 10:02:15.270"/>
</kw>
<kw name="LocalStorage Set Item" library="Browser">
<arg>serverest/userNome</arg>
<arg>Augusto Oliveira</arg>
<tag>PageContent</tag>
<tag>Setter</tag>
<doc>Save data to the local storage.</doc>
<msg timestamp="20231212 10:02:15.303" level="INFO">JavaScript executed successfully.</msg>
<status status="PASS" starttime="20231212 10:02:15.270" endtime="20231212 10:02:15.304"/>
</kw>
<kw name="Go To" library="Browser">
<arg>url=https://front.serverest.dev/admin/home</arg>
<tag>BrowserControl</tag>
<tag>Setter</tag>
<doc>Navigates to the given ``url``.</doc>
<msg timestamp="20231212 10:02:16.892" level="INFO">Successfully opened URL https://front.serverest.dev/admin/home</msg>
<status status="PASS" starttime="20231212 10:02:15.304" endtime="20231212 10:02:16.896"/>
</kw>
<kw name="Take Screenshot" library="Browser">
<tag>PageContent</tag>
<doc>Takes a screenshot of the current window or element and saves it to disk.</doc>
<msg timestamp="20231212 10:02:17.374" level="INFO" html="true">&lt;/td&gt;&lt;/tr&gt;&lt;tr&gt;&lt;td colspan="3"&gt;&lt;a href="browser/screenshot/robotframework-browser-screenshot-1.png" target="_blank"&gt;&lt;img src="browser/screenshot/robotframework-browser-screenshot-1.png" width="800px"/&gt;&lt;/a&gt;</msg>
<status status="PASS" starttime="20231212 10:02:16.896" endtime="20231212 10:02:17.374"/>
</kw>
<status status="PASS" starttime="20231212 10:02:14.685" endtime="20231212 10:02:17.374"/>
</kw>
<kw name="Save Storage State" library="Browser">
<var>${STORAGE_FILE}</var>
<tag>BrowserControl</tag>
<tag>Getter</tag>
<doc>Saves the current active context storage state to a file.</doc>
<msg timestamp="20231212 10:02:17.621" level="INFO">Current context state is saved to: C:\Projetos\robot-playwright\browser\state\20f77e87-9e9b-4d9c-bee7-db516c391f7d.json</msg>
<msg timestamp="20231212 10:02:17.622" level="INFO">${STORAGE_FILE} = C:\Projetos\robot-playwright\browser\state\20f77e87-9e9b-4d9c-bee7-db516c391f7d.json</msg>
<status status="PASS" starttime="20231212 10:02:17.375" endtime="20231212 10:02:17.623"/>
</kw>
<kw name="Set Suite Variable" library="BuiltIn">
<arg>${STORAGE_FILE}</arg>
<doc>Makes a variable available everywhere within the scope of the current suite.</doc>
<msg timestamp="20231212 10:02:17.625" level="INFO">${STORAGE_FILE} = C:\Projetos\robot-playwright\browser\state\20f77e87-9e9b-4d9c-bee7-db516c391f7d.json</msg>
<status status="PASS" starttime="20231212 10:02:17.624" endtime="20231212 10:02:17.625"/>
</kw>
<status status="PASS" starttime="20231212 10:02:01.777" endtime="20231212 10:02:17.626"/>
</kw>
<test id="s1-t1" name="Cenario: Login com sucesso Serv Rest Front" line="6">
<kw name="Abrir o navegador" library="serve-rest-front">
<kw name="New Browser" library="Browser">
<arg>browser=${BROWSER}</arg>
<arg>headless=${HEADLESS}</arg>
<tag>BrowserControl</tag>
<tag>Setter</tag>
<doc>Create a new playwright Browser with specified options.</doc>
<msg timestamp="20231212 10:02:17.657" level="INFO">{"browser": "chromium", "headless": false, "chromiumSandbox": false, "devtools": false, "handleSIGHUP": true, "handleSIGINT": true, "handleSIGTERM": true, "slowMo": 0.0, "timeout": 30000.0, "tracesDir": "C:\\Projetos\\robot-playwright\\browser\\traces\\2cefba49-e196-48f0-8f28-c420b12851b7"}</msg>
<msg timestamp="20231212 10:02:20.197" level="INFO">Successfully created browser with options: {"browser":"chromium","headless":false,"chromiumSandbox":false,"devtools":false,"handleSIGHUP":true,"handleSIGINT":true,"handleSIGTERM":true,"slowMo":0,"timeout":30000,"tracesDir":"C:\\Projetos\\robot-playwright\\browser\\traces\\2cefba49-e196-48f0-8f28-c420b12851b7"}</msg>
<status status="PASS" starttime="20231212 10:02:17.643" endtime="20231212 10:02:20.198"/>
</kw>
<kw name="Uuid 4" library="FakerLibrary">
<var>${TRACE_NAME}</var>
<doc>Generate a random UUID4 object and cast it to another type if specified using a callable ``cast_to``.</doc>
<msg timestamp="20231212 10:02:20.201" level="INFO">${TRACE_NAME} = a27e2a89-4b91-4adf-9aac-2d3c6155ceb2</msg>
<status status="PASS" starttime="20231212 10:02:20.200" endtime="20231212 10:02:20.202"/>
</kw>
<kw name="Get Current Date" library="DateTime">
<var>${NOW}</var>
<arg>result_format=%d-%m-%Y_%H%M%S</arg>
<doc>Returns current local or UTC time with an optional increment.</doc>
<msg timestamp="20231212 10:02:20.204" level="INFO">${NOW} = 12-12-2023_100220</msg>
<status status="PASS" starttime="20231212 10:02:20.203" endtime="20231212 10:02:20.204"/>
</kw>
<kw name="New Context" library="Browser">
<arg>viewport={'width': 1200, 'height': 800}</arg>
<tag>BrowserControl</tag>
<tag>Setter</tag>
<doc>Create a new BrowserContext with specified options.</doc>
<msg timestamp="20231212 10:02:20.436" level="INFO">{
  "acceptDownloads": true,
  "bypassCSP": false,
  "forcedColors": "none",
  "ignoreHTTPSErrors": false,
  "javaScriptEnabled": true,
  "offline": false,
  "reducedMotion": "no-preference",
  "serviceWorkers": "allow",
  "viewport": {
    "height": 800,
    "width": 1200
  }
}</msg>
<msg timestamp="20231212 10:02:20.548" level="INFO">Successfully created context. </msg>
<msg timestamp="20231212 10:02:20.551" level="INFO">{'acceptDownloads': True, 'bypassCSP': False, 'forcedColors': 'none', 'ignoreHTTPSErrors': False, 'javaScriptEnabled': True, 'offline': False, 'reducedMotion': 'no-preference', 'serviceWorkers': 'allow', 'viewport': {'height': 800, 'width': 1200}}</msg>
<status status="PASS" starttime="20231212 10:02:20.207" endtime="20231212 10:02:20.554"/>
</kw>
<status status="PASS" starttime="20231212 10:02:17.640" endtime="20231212 10:02:20.555"/>
</kw>
<kw name="Ir para o site Serve Rest Front" library="serve-rest-front">
<kw name="New Page" library="Browser">
<arg>url=${SITE_SERVE_REST}</arg>
<tag>BrowserControl</tag>
<tag>Setter</tag>
<doc>Open a new Page.</doc>
<msg timestamp="20231212 10:02:23.974" level="INFO">Successfully initialized new page object and opened url: https://front.serverest.dev/</msg>
<status status="PASS" starttime="20231212 10:02:20.694" endtime="20231212 10:02:23.975"/>
</kw>
<kw name="Get Title" library="Browser">
<var>${title}</var>
<arg>==</arg>
<arg>Front - ServeRest</arg>
<tag>Assertion</tag>
<tag>Getter</tag>
<tag>PageContent</tag>
<doc>Returns the title of the current page.</doc>
<msg timestamp="20231212 10:02:24.014" level="INFO">Title: 'Front - ServeRest'</msg>
<msg timestamp="20231212 10:02:24.014" level="INFO">${title} = Front - ServeRest</msg>
<status status="PASS" starttime="20231212 10:02:23.976" endtime="20231212 10:02:24.014"/>
</kw>
<status status="PASS" starttime="20231212 10:02:20.694" endtime="20231212 10:02:24.014"/>
</kw>
<kw name="Preencher os dados do novo usuário e cadastrar" library="serve-rest-front">
<kw name="Click" library="Browser">
<arg>css=.btn-link</arg>
<tag>PageContent</tag>
<tag>Setter</tag>
<doc>Simulates mouse click on the element found by ``selector``.</doc>
<msg timestamp="20231212 10:02:24.801" level="INFO">Highlighted 1 elements for 2000.</msg>
<status status="PASS" starttime="20231212 10:02:24.060" endtime="20231212 10:02:26.979"/>
</kw>
<kw name="Email" library="FakerLibrary">
<var>${EMAIL}</var>
<msg timestamp="20231212 10:02:26.985" level="INFO">${EMAIL} = grantlisa@example.com</msg>
<status status="PASS" starttime="20231212 10:02:26.981" endtime="20231212 10:02:26.988"/>
</kw>
<kw name="Set Suite Variable" library="BuiltIn">
<arg>${EMAIL}</arg>
<doc>Makes a variable available everywhere within the scope of the current suite.</doc>
<msg timestamp="20231212 10:02:26.990" level="INFO">${EMAIL} = grantlisa@example.com</msg>
<status status="PASS" starttime="20231212 10:02:26.989" endtime="20231212 10:02:26.991"/>
</kw>
<kw name="Click" library="Browser">
<arg>css=\#nome</arg>
<tag>PageContent</tag>
<tag>Setter</tag>
<doc>Simulates mouse click on the element found by ``selector``.</doc>
<msg timestamp="20231212 10:02:27.124" level="INFO">Highlighted 1 elements for 2000.</msg>
<status status="PASS" starttime="20231212 10:02:26.991" endtime="20231212 10:02:29.296"/>
</kw>
<kw name="Fill Text" library="Browser">
<arg>css=input[data-testid='nome']</arg>
<arg>Augusto Oliveira</arg>
<tag>PageContent</tag>
<tag>Setter</tag>
<doc>Clears and fills the given ``txt`` into the text field found by ``selector``.</doc>
<msg timestamp="20231212 10:02:29.317" level="INFO">Fills the text 'Augusto Oliveira' in the given field.</msg>
<msg timestamp="20231212 10:02:29.418" level="INFO">Highlighted 1 elements for 2000.</msg>
<status status="PASS" starttime="20231212 10:02:29.298" endtime="20231212 10:02:31.485"/>
</kw>
<kw name="Click" library="Browser">
<arg>css=\#email</arg>
<tag>PageContent</tag>
<tag>Setter</tag>
<doc>Simulates mouse click on the element found by ``selector``.</doc>
<msg timestamp="20231212 10:02:31.581" level="INFO">Highlighted 1 elements for 2000.</msg>
<status status="PASS" starttime="20231212 10:02:31.485" endtime="20231212 10:02:33.737"/>
</kw>
<kw name="Fill Text" library="Browser">
<arg>css=input[data-testid='email']</arg>
<arg>${EMAIL}</arg>
<tag>PageContent</tag>
<tag>Setter</tag>
<doc>Clears and fills the given ``txt`` into the text field found by ``selector``.</doc>
<msg timestamp="20231212 10:02:33.754" level="INFO">Fills the text 'grantlisa@example.com' in the given field.</msg>
<msg timestamp="20231212 10:02:33.842" level="INFO">Highlighted 1 elements for 2000.</msg>
<status status="PASS" starttime="20231212 10:02:33.737" endtime="20231212 10:02:35.940"/>
</kw>
<kw name="Click" library="Browser">
<arg>css=\#password</arg>
<tag>PageContent</tag>
<tag>Setter</tag>
<doc>Simulates mouse click on the element found by ``selector``.</doc>
<msg timestamp="20231212 10:02:36.026" level="INFO">Highlighted 1 elements for 2000.</msg>
<status status="PASS" starttime="20231212 10:02:35.941" endtime="20231212 10:02:38.223"/>
</kw>
<kw name="Fill Text" library="Browser">
<arg>css=input[data-testid='password']</arg>
<arg>123456</arg>
<tag>PageContent</tag>
<tag>Setter</tag>
<doc>Clears and fills the given ``txt`` into the text field found by ``selector``.</doc>
<msg timestamp="20231212 10:02:38.243" level="INFO">Fills the text '123456' in the given field.</msg>
<msg timestamp="20231212 10:02:38.352" level="INFO">Highlighted 1 elements for 2000.</msg>
<status status="PASS" starttime="20231212 10:02:38.223" endtime="20231212 10:02:40.439"/>
</kw>
<kw name="Check Checkbox" library="Browser">
<arg>css=input[data-testid='checkbox']</arg>
<tag>PageContent</tag>
<tag>Setter</tag>
<doc>Checks the checkbox or selects radio button found by ``selector``.</doc>
<msg timestamp="20231212 10:02:40.512" level="INFO">Highlighted 1 elements for 2000.</msg>
<status status="PASS" starttime="20231212 10:02:40.440" endtime="20231212 10:02:42.689"/>
</kw>
<kw name="Click" library="Browser">
<arg>css=button[data-testid='cadastrar']</arg>
<tag>PageContent</tag>
<tag>Setter</tag>
<doc>Simulates mouse click on the element found by ``selector``.</doc>
<msg timestamp="20231212 10:02:42.800" level="INFO">Highlighted 1 elements for 2000.</msg>
<status status="PASS" starttime="20231212 10:02:42.691" endtime="20231212 10:02:44.953"/>
</kw>
<status status="PASS" starttime="20231212 10:02:24.056" endtime="20231212 10:02:44.953"/>
</kw>
<kw name="Conferir usuário cadastrado com sucesso" library="serve-rest-front">
<kw name="Wait For Elements State" library="Browser">
<arg>h1</arg>
<arg>visible</arg>
<tag>PageContent</tag>
<tag>Wait</tag>
<doc>Waits for the element found by ``selector`` to satisfy state option.</doc>
<msg timestamp="20231212 10:02:49.508" level="INFO">Waited for Element with selector h1 at state visible</msg>
<status status="PASS" starttime="20231212 10:02:44.954" endtime="20231212 10:02:49.508"/>
</kw>
<kw name="Get Text" library="Browser">
<arg>h1</arg>
<arg>==</arg>
<arg>Bem Vindo Augusto Oliveira</arg>
<tag>Assertion</tag>
<tag>Getter</tag>
<tag>PageContent</tag>
<doc>Returns text attribute of the element found by ``selector``.</doc>
<msg timestamp="20231212 10:02:51.997" level="INFO">Highlighted 1 elements for 2000.</msg>
<msg timestamp="20231212 10:02:52.001" level="INFO">Text: 'Bem Vindo Augusto Oliveira'</msg>
<status status="PASS" starttime="20231212 10:02:49.509" endtime="20231212 10:02:52.002"/>
</kw>
<kw name="Get Element States" library="Browser">
<arg>css=button[data-testid='logout']</arg>
<arg>validate</arg>
<arg>value &amp; visible</arg>
<tag>Assertion</tag>
<tag>Getter</tag>
<tag>PageContent</tag>
<doc>Get the active states from the element found by ``selector``.</doc>
<msg timestamp="20231212 10:02:52.113" level="INFO">States are: ['attached', 'visible', 'enabled', 'editable', 'defocused']</msg>
<status status="PASS" starttime="20231212 10:02:52.007" endtime="20231212 10:02:52.113"/>
</kw>
<status status="PASS" starttime="20231212 10:02:44.954" endtime="20231212 10:02:52.113"/>
</kw>
<status status="PASS" starttime="20231212 10:02:17.626" endtime="20231212 10:02:52.113"/>
</test>
<test id="s1-t2" name="Desafio: Conferir se o novo usuário está na &quot;Lista de Usuários&quot;" line="12">
<kw name="Abrir o site Serve Rest Front logado" library="serve-rest-front">
<kw name="New Browser" library="Browser">
<arg>browser=${BROWSER}</arg>
<arg>headless=${HEADLESS}</arg>
<tag>BrowserControl</tag>
<tag>Setter</tag>
<doc>Create a new playwright Browser with specified options.</doc>
<msg timestamp="20231212 10:02:57.640" level="INFO">Switching browser to browser=91ac66e2-c636-400c-8357-e2e8b264382e</msg>
<msg timestamp="20231212 10:02:57.645" level="INFO">Successfully changed active browser: browser=91ac66e2-c636-400c-8357-e2e8b264382e</msg>
<msg timestamp="20231212 10:02:57.645" level="INFO">Reusing existing browser with id: browser=91ac66e2-c636-400c-8357-e2e8b264382e</msg>
<status status="PASS" starttime="20231212 10:02:57.490" endtime="20231212 10:02:57.645"/>
</kw>
<kw name="New Context" library="Browser">
<arg>viewport={'width': 1200, 'height': 800}</arg>
<arg>storageState=${STORAGE_FILE}</arg>
<tag>BrowserControl</tag>
<tag>Setter</tag>
<doc>Create a new BrowserContext with specified options.</doc>
<msg timestamp="20231212 10:02:57.746" level="INFO">{
  "acceptDownloads": true,
  "bypassCSP": false,
  "forcedColors": "none",
  "ignoreHTTPSErrors": false,
  "javaScriptEnabled": true,
  "offline": false,
  "reducedMotion": "no-preference",
  "serviceWorkers": "allow",
  "storageState": "C:\\Projetos\\robot-playwright\\browser\\state\\20f77e87-9e9b-4d9c-bee7-db516c391f7d.json",
  "viewport": {
    "height": 800,
    "width": 1200
  }
}</msg>
<msg timestamp="20231212 10:02:58.521" level="INFO">Successfully created context. </msg>
<msg timestamp="20231212 10:02:58.522" level="INFO">{'acceptDownloads': True, 'bypassCSP': False, 'forcedColors': 'none', 'ignoreHTTPSErrors': False, 'javaScriptEnabled': True, 'offline': False, 'reducedMotion': 'no-preference', 'serviceWorkers': 'allow', 'storageState': 'C:\\Projetos\\robot-playwright\\browser\\state\\20f77e87-9e9b-4d9c-bee7-db516c391f7d.json', 'viewport': {'height': 800, 'width': 1200}}</msg>
<status status="PASS" starttime="20231212 10:02:57.645" endtime="20231212 10:02:58.523"/>
</kw>
<kw name="New Page" library="Browser">
<arg>url=https://front.serverest.dev/admin/home</arg>
<tag>BrowserControl</tag>
<tag>Setter</tag>
<doc>Open a new Page.</doc>
<msg timestamp="20231212 10:03:01.209" level="INFO">Successfully initialized new page object and opened url: https://front.serverest.dev/admin/home</msg>
<status status="PASS" starttime="20231212 10:02:58.524" endtime="20231212 10:03:01.210"/>
</kw>
<kw name="Get Text" library="Browser">
<arg>h1</arg>
<arg>==</arg>
<arg>Bem Vindo Augusto Oliveira</arg>
<tag>Assertion</tag>
<tag>Getter</tag>
<tag>PageContent</tag>
<doc>Returns text attribute of the element found by ``selector``.</doc>
<msg timestamp="20231212 10:03:03.962" level="INFO">Highlighted 1 elements for 2000.</msg>
<msg timestamp="20231212 10:03:03.962" level="INFO">Text: 'Bem Vindo Augusto Oliveira'</msg>
<status status="PASS" starttime="20231212 10:03:01.211" endtime="20231212 10:03:03.962"/>
</kw>
<kw name="Take Screenshot" library="Browser">
<tag>PageContent</tag>
<doc>Takes a screenshot of the current window or element and saves it to disk.</doc>
<msg timestamp="20231212 10:03:04.377" level="INFO" html="true">&lt;/td&gt;&lt;/tr&gt;&lt;tr&gt;&lt;td colspan="3"&gt;&lt;a href="browser/screenshot/robotframework-browser-screenshot-2.png" target="_blank"&gt;&lt;img src="browser/screenshot/robotframework-browser-screenshot-2.png" width="800px"/&gt;&lt;/a&gt;</msg>
<status status="PASS" starttime="20231212 10:03:03.962" endtime="20231212 10:03:04.382"/>
</kw>
<status status="PASS" starttime="20231212 10:02:57.483" endtime="20231212 10:03:04.385"/>
</kw>
<kw name="Acessar a lista de usuários" library="serve-rest-front">
<kw name="Click" library="Browser">
<arg>css=a[data-testid='listarUsuarios']</arg>
<tag>PageContent</tag>
<tag>Setter</tag>
<doc>Simulates mouse click on the element found by ``selector``.</doc>
<msg timestamp="20231212 10:03:04.510" level="INFO">Highlighted 1 elements for 2000.</msg>
<status status="PASS" starttime="20231212 10:03:04.388" endtime="20231212 10:03:06.772"/>
</kw>
<status status="PASS" starttime="20231212 10:03:04.388" endtime="20231212 10:03:06.773"/>
</kw>
<kw name="Conferir se o usuário aparece na lista de usuários" library="serve-rest-front">
<kw name="Get Table Cell Element" library="Browser">
<var>${elemento}</var>
<arg>css=table</arg>
<arg>"Nome"</arg>
<arg>"${EMAIL}"</arg>
<tag>Getter</tag>
<tag>PageContent</tag>
<doc>Returns the Web Element that has the same column index and same row index as the selected elements.</doc>
<msg timestamp="20231212 10:03:06.826" level="INFO">JavaScript executed successfully.</msg>
<msg timestamp="20231212 10:03:07.823" level="INFO">Locator found successfully.</msg>
<msg timestamp="20231212 10:03:07.824" level="INFO">${elemento} = css=table &gt;&gt; tr &gt;&gt; nth=3 &gt;&gt; &gt; * &gt;&gt; nth=0</msg>
<status status="PASS" starttime="20231212 10:03:06.774" endtime="20231212 10:03:07.825"/>
</kw>
<kw name="Get Text" library="Browser">
<var>${nome}</var>
<arg>${elemento}</arg>
<arg>==</arg>
<arg>Augusto Oliveira</arg>
<tag>Assertion</tag>
<tag>Getter</tag>
<tag>PageContent</tag>
<doc>Returns text attribute of the element found by ``selector``.</doc>
<msg timestamp="20231212 10:03:10.027" level="INFO">Highlighted 1 elements for 2000.</msg>
<msg timestamp="20231212 10:03:10.027" level="INFO">Text: 'Augusto Oliveira'</msg>
<msg timestamp="20231212 10:03:10.030" level="INFO">${nome} = Augusto Oliveira</msg>
<status status="PASS" starttime="20231212 10:03:07.826" endtime="20231212 10:03:10.030"/>
</kw>
<kw name="Highlight Elements" library="Browser">
<arg>${elemento}</arg>
<tag>PageContent</tag>
<tag>Setter</tag>
<doc>Adds a highlight to elements matched by the ``selector``. Provides a style adjustment.</doc>
<msg timestamp="20231212 10:03:10.096" level="INFO">Highlighted 1 elements for 5000.</msg>
<status status="PASS" starttime="20231212 10:03:10.030" endtime="20231212 10:03:10.097"/>
</kw>
<kw name="Take Screenshot" library="Browser">
<tag>PageContent</tag>
<doc>Takes a screenshot of the current window or element and saves it to disk.</doc>
<msg timestamp="20231212 10:03:10.297" level="INFO" html="true">&lt;/td&gt;&lt;/tr&gt;&lt;tr&gt;&lt;td colspan="3"&gt;&lt;a href="browser/screenshot/robotframework-browser-screenshot-3.png" target="_blank"&gt;&lt;img src="browser/screenshot/robotframework-browser-screenshot-3.png" width="800px"/&gt;&lt;/a&gt;</msg>
<status status="PASS" starttime="20231212 10:03:10.097" endtime="20231212 10:03:10.297"/>
</kw>
<status status="PASS" starttime="20231212 10:03:06.774" endtime="20231212 10:03:10.297"/>
</kw>
<status status="PASS" starttime="20231212 10:02:57.460" endtime="20231212 10:03:10.302"/>
</test>
<test id="s1-t3" name="Desafio: Conferir se novo produto cadastrado está na &quot;Lista de Produtos&quot;" line="18">
<kw name="Abrir o site Serve Rest Front logado" library="serve-rest-front">
<kw name="New Browser" library="Browser">
<arg>browser=${BROWSER}</arg>
<arg>headless=${HEADLESS}</arg>
<tag>BrowserControl</tag>
<tag>Setter</tag>
<doc>Create a new playwright Browser with specified options.</doc>
<msg timestamp="20231212 10:03:15.713" level="INFO">Switching browser to browser=91ac66e2-c636-400c-8357-e2e8b264382e</msg>
<msg timestamp="20231212 10:03:15.727" level="INFO">Successfully changed active browser: browser=91ac66e2-c636-400c-8357-e2e8b264382e</msg>
<msg timestamp="20231212 10:03:15.727" level="INFO">Reusing existing browser with id: browser=91ac66e2-c636-400c-8357-e2e8b264382e</msg>
<status status="PASS" starttime="20231212 10:03:15.566" endtime="20231212 10:03:15.729"/>
</kw>
<kw name="New Context" library="Browser">
<arg>viewport={'width': 1200, 'height': 800}</arg>
<arg>storageState=${STORAGE_FILE}</arg>
<tag>BrowserControl</tag>
<tag>Setter</tag>
<doc>Create a new BrowserContext with specified options.</doc>
<msg timestamp="20231212 10:03:15.814" level="INFO">{
  "acceptDownloads": true,
  "bypassCSP": false,
  "forcedColors": "none",
  "ignoreHTTPSErrors": false,
  "javaScriptEnabled": true,
  "offline": false,
  "reducedMotion": "no-preference",
  "serviceWorkers": "allow",
  "storageState": "C:\\Projetos\\robot-playwright\\browser\\state\\20f77e87-9e9b-4d9c-bee7-db516c391f7d.json",
  "viewport": {
    "height": 800,
    "width": 1200
  }
}</msg>
<msg timestamp="20231212 10:03:16.679" level="INFO">Successfully created context. </msg>
<msg timestamp="20231212 10:03:16.679" level="INFO">{'acceptDownloads': True, 'bypassCSP': False, 'forcedColors': 'none', 'ignoreHTTPSErrors': False, 'javaScriptEnabled': True, 'offline': False, 'reducedMotion': 'no-preference', 'serviceWorkers': 'allow', 'storageState': 'C:\\Projetos\\robot-playwright\\browser\\state\\20f77e87-9e9b-4d9c-bee7-db516c391f7d.json', 'viewport': {'height': 800, 'width': 1200}}</msg>
<status status="PASS" starttime="20231212 10:03:15.729" endtime="20231212 10:03:16.679"/>
</kw>
<kw name="New Page" library="Browser">
<arg>url=https://front.serverest.dev/admin/home</arg>
<tag>BrowserControl</tag>
<tag>Setter</tag>
<doc>Open a new Page.</doc>
<msg timestamp="20231212 10:03:19.056" level="INFO">Successfully initialized new page object and opened url: https://front.serverest.dev/admin/home</msg>
<status status="PASS" starttime="20231212 10:03:16.680" endtime="20231212 10:03:19.057"/>
</kw>
<kw name="Get Text" library="Browser">
<arg>h1</arg>
<arg>==</arg>
<arg>Bem Vindo Augusto Oliveira</arg>
<tag>Assertion</tag>
<tag>Getter</tag>
<tag>PageContent</tag>
<doc>Returns text attribute of the element found by ``selector``.</doc>
<msg timestamp="20231212 10:03:21.795" level="INFO">Highlighted 1 elements for 2000.</msg>
<msg timestamp="20231212 10:03:21.796" level="INFO">Text: 'Bem Vindo Augusto Oliveira'</msg>
<status status="PASS" starttime="20231212 10:03:19.058" endtime="20231212 10:03:21.797"/>
</kw>
<kw name="Take Screenshot" library="Browser">
<tag>PageContent</tag>
<doc>Takes a screenshot of the current window or element and saves it to disk.</doc>
<msg timestamp="20231212 10:03:22.265" level="INFO" html="true">&lt;/td&gt;&lt;/tr&gt;&lt;tr&gt;&lt;td colspan="3"&gt;&lt;a href="browser/screenshot/robotframework-browser-screenshot-4.png" target="_blank"&gt;&lt;img src="browser/screenshot/robotframework-browser-screenshot-4.png" width="800px"/&gt;&lt;/a&gt;</msg>
<status status="PASS" starttime="20231212 10:03:21.798" endtime="20231212 10:03:22.265"/>
</kw>
<status status="PASS" starttime="20231212 10:03:15.557" endtime="20231212 10:03:22.265"/>
</kw>
<kw name="Cadastrar um novo produto" library="serve-rest-front">
<kw name="Acessar a tela de cadatro de Produtos" library="serve-rest-front">
<kw name="Click" library="Browser">
<arg>css=a[data-testid='cadastrarProdutos']</arg>
<tag>PageContent</tag>
<tag>Setter</tag>
<doc>Simulates mouse click on the element found by ``selector``.</doc>
<msg timestamp="20231212 10:03:22.409" level="INFO">Highlighted 1 elements for 2000.</msg>
<status status="PASS" starttime="20231212 10:03:22.278" endtime="20231212 10:03:24.681"/>
</kw>
<status status="PASS" starttime="20231212 10:03:22.278" endtime="20231212 10:03:24.682"/>
</kw>
<kw name="Preencher os dados do novo produto" library="serve-rest-front">
<kw name="City" library="FakerLibrary">
<var>${produto}</var>
<doc>:example 'Sashabury'</doc>
<msg timestamp="20231212 10:03:24.683" level="INFO">${produto} = North Jenny</msg>
<status status="PASS" starttime="20231212 10:03:24.683" endtime="20231212 10:03:24.683"/>
</kw>
<kw name="Set Suite Variable" library="BuiltIn">
<arg>${produto}</arg>
<doc>Makes a variable available everywhere within the scope of the current suite.</doc>
<msg timestamp="20231212 10:03:24.683" level="INFO">${produto} = North Jenny</msg>
<status status="PASS" starttime="20231212 10:03:24.683" endtime="20231212 10:03:24.683"/>
</kw>
<kw name="Evaluate" library="BuiltIn">
<var>${preço_prod}</var>
<arg>str(random.randint(10, 9999))</arg>
<doc>Evaluates the given expression in Python and returns the result.</doc>
<msg timestamp="20231212 10:03:24.683" level="INFO">${preço_prod} = 1672</msg>
<status status="PASS" starttime="20231212 10:03:24.683" endtime="20231212 10:03:24.683"/>
</kw>
<kw name="Set Suite Variable" library="BuiltIn">
<arg>${preço_prod}</arg>
<doc>Makes a variable available everywhere within the scope of the current suite.</doc>
<msg timestamp="20231212 10:03:24.692" level="INFO">${preço_prod} = 1672</msg>
<status status="PASS" starttime="20231212 10:03:24.690" endtime="20231212 10:03:24.693"/>
</kw>
<kw name="Evaluate" library="BuiltIn">
<var>${quant_prod}</var>
<arg>str(random.randint(100, 999))</arg>
<doc>Evaluates the given expression in Python and returns the result.</doc>
<msg timestamp="20231212 10:03:24.697" level="INFO">${quant_prod} = 223</msg>
<status status="PASS" starttime="20231212 10:03:24.694" endtime="20231212 10:03:24.697"/>
</kw>
<kw name="Set Suite Variable" library="BuiltIn">
<arg>${quant_prod}</arg>
<doc>Makes a variable available everywhere within the scope of the current suite.</doc>
<msg timestamp="20231212 10:03:24.699" level="INFO">${quant_prod} = 223</msg>
<status status="PASS" starttime="20231212 10:03:24.698" endtime="20231212 10:03:24.700"/>
</kw>
<kw name="Click" library="Browser">
<arg>css=\#nome</arg>
<tag>PageContent</tag>
<tag>Setter</tag>
<doc>Simulates mouse click on the element found by ``selector``.</doc>
<msg timestamp="20231212 10:03:25.012" level="INFO">Highlighted 1 elements for 2000.</msg>
<status status="PASS" starttime="20231212 10:03:24.700" endtime="20231212 10:03:27.187"/>
</kw>
<kw name="Fill Text" library="Browser">
<arg>css=input[data-testid='nome']</arg>
<arg>${produto}</arg>
<tag>PageContent</tag>
<tag>Setter</tag>
<doc>Clears and fills the given ``txt`` into the text field found by ``selector``.</doc>
<msg timestamp="20231212 10:03:27.216" level="INFO">Fills the text 'North Jenny' in the given field.</msg>
<msg timestamp="20231212 10:03:27.308" level="INFO">Highlighted 1 elements for 2000.</msg>
<status status="PASS" starttime="20231212 10:03:27.190" endtime="20231212 10:03:29.411"/>
</kw>
<kw name="Click" library="Browser">
<arg>css=\#price</arg>
<tag>PageContent</tag>
<tag>Setter</tag>
<doc>Simulates mouse click on the element found by ``selector``.</doc>
<msg timestamp="20231212 10:03:29.515" level="INFO">Highlighted 1 elements for 2000.</msg>
<status status="PASS" starttime="20231212 10:03:29.412" endtime="20231212 10:03:31.674"/>
</kw>
<kw name="Fill Text" library="Browser">
<arg>css=input[data-testid='preco']</arg>
<arg>${preço_prod}</arg>
<tag>PageContent</tag>
<tag>Setter</tag>
<doc>Clears and fills the given ``txt`` into the text field found by ``selector``.</doc>
<msg timestamp="20231212 10:03:31.691" level="INFO">Fills the text '1672' in the given field.</msg>
<msg timestamp="20231212 10:03:31.819" level="INFO">Highlighted 1 elements for 2000.</msg>
<status status="PASS" starttime="20231212 10:03:31.675" endtime="20231212 10:03:33.958"/>
</kw>
<kw name="Click" library="Browser">
<arg>css=\#description</arg>
<tag>PageContent</tag>
<tag>Setter</tag>
<doc>Simulates mouse click on the element found by ``selector``.</doc>
<msg timestamp="20231212 10:03:34.071" level="INFO">Highlighted 1 elements for 2000.</msg>
<status status="PASS" starttime="20231212 10:03:33.961" endtime="20231212 10:03:36.318"/>
</kw>
<kw name="Fill Text" library="Browser">
<arg>css=textarea[data-testid='descricao']</arg>
<arg>Texto criado para o produto ${produto}</arg>
<tag>PageContent</tag>
<tag>Setter</tag>
<doc>Clears and fills the given ``txt`` into the text field found by ``selector``.</doc>
<msg timestamp="20231212 10:03:36.340" level="INFO">Fills the text 'Texto criado para o produto North Jenny' in the given field.</msg>
<msg timestamp="20231212 10:03:36.441" level="INFO">Highlighted 1 elements for 2000.</msg>
<status status="PASS" starttime="20231212 10:03:36.320" endtime="20231212 10:03:38.555"/>
</kw>
<kw name="Click" library="Browser">
<arg>css=\#quantity</arg>
<tag>PageContent</tag>
<tag>Setter</tag>
<doc>Simulates mouse click on the element found by ``selector``.</doc>
<msg timestamp="20231212 10:03:38.700" level="INFO">Highlighted 1 elements for 2000.</msg>
<status status="PASS" starttime="20231212 10:03:38.555" endtime="20231212 10:03:40.922"/>
</kw>
<kw name="Fill Text" library="Browser">
<arg>css=input[data-testid='quantity']</arg>
<arg>${quant_prod}</arg>
<tag>PageContent</tag>
<tag>Setter</tag>
<doc>Clears and fills the given ``txt`` into the text field found by ``selector``.</doc>
<msg timestamp="20231212 10:03:40.938" level="INFO">Fills the text '223' in the given field.</msg>
<msg timestamp="20231212 10:03:41.046" level="INFO">Highlighted 1 elements for 2000.</msg>
<status status="PASS" starttime="20231212 10:03:40.923" endtime="20231212 10:03:43.164"/>
</kw>
<kw name="Take Screenshot" library="Browser">
<arg>${EXECDIR}${/}resources\\Evidencias\\${produto}.png</arg>
<tag>PageContent</tag>
<doc>Takes a screenshot of the current window or element and saves it to disk.</doc>
<msg timestamp="20231212 10:03:43.383" level="INFO" html="true">&lt;/td&gt;&lt;/tr&gt;&lt;tr&gt;&lt;td colspan="3"&gt;&lt;a href="resources/Evidencias/North%20Jenny.png" target="_blank"&gt;&lt;img src="resources/Evidencias/North%20Jenny.png" width="800px"/&gt;&lt;/a&gt;</msg>
<status status="PASS" starttime="20231212 10:03:43.164" endtime="20231212 10:03:43.384"/>
</kw>
<kw name="Upload File By Selector" library="Browser">
<arg>css=input[data-testid='imagem']</arg>
<arg>${EXECDIR}${/}resources\\Evidencias\\${produto}.png</arg>
<tag>PageContent</tag>
<tag>Setter</tag>
<doc>Uploads file from `path` to file input element matched by selector.</doc>
<status status="PASS" starttime="20231212 10:03:43.384" endtime="20231212 10:03:43.555"/>
</kw>
<kw name="Click" library="Browser">
<arg>css=.btn-primary</arg>
<tag>PageContent</tag>
<tag>Setter</tag>
<doc>Simulates mouse click on the element found by ``selector``.</doc>
<msg timestamp="20231212 10:03:43.623" level="INFO">Highlighted 1 elements for 2000.</msg>
<status status="PASS" starttime="20231212 10:03:43.556" endtime="20231212 10:03:45.816"/>
</kw>
<status status="PASS" starttime="20231212 10:03:24.683" endtime="20231212 10:03:45.817"/>
</kw>
<status status="PASS" starttime="20231212 10:03:22.274" endtime="20231212 10:03:45.817"/>
</kw>
<kw name="Conferir que o produto aparece na &quot;Lista de Produtos&quot;" library="serve-rest-front">
<kw name="Conferir que o produto aparece na listagem" library="serve-rest-front">
<kw name="Get Table Cell Element" library="Browser">
<var>${elemento}</var>
<arg>css=table</arg>
<arg>"Nome"</arg>
<arg>"${produto}"</arg>
<tag>Getter</tag>
<tag>PageContent</tag>
<doc>Returns the Web Element that has the same column index and same row index as the selected elements.</doc>
<msg timestamp="20231212 10:03:46.804" level="INFO">JavaScript executed successfully.</msg>
<msg timestamp="20231212 10:03:46.950" level="INFO">Locator found successfully.</msg>
<msg timestamp="20231212 10:03:46.951" level="INFO">${elemento} = css=table &gt;&gt; tr &gt;&gt; nth=7 &gt;&gt; &gt; * &gt;&gt; nth=0</msg>
<status status="PASS" starttime="20231212 10:03:45.817" endtime="20231212 10:03:46.951"/>
</kw>
<kw name="Get Text" library="Browser">
<var>${nome}</var>
<arg>${elemento}</arg>
<arg>==</arg>
<arg>${produto}</arg>
<tag>Assertion</tag>
<tag>Getter</tag>
<tag>PageContent</tag>
<doc>Returns text attribute of the element found by ``selector``.</doc>
<msg timestamp="20231212 10:03:49.170" level="INFO">Highlighted 1 elements for 2000.</msg>
<msg timestamp="20231212 10:03:49.170" level="INFO">Text: 'North Jenny'</msg>
<msg timestamp="20231212 10:03:49.170" level="INFO">${nome} = North Jenny</msg>
<status status="PASS" starttime="20231212 10:03:46.951" endtime="20231212 10:03:49.170"/>
</kw>
<kw name="Highlight Elements" library="Browser">
<arg>${elemento}</arg>
<tag>PageContent</tag>
<tag>Setter</tag>
<doc>Adds a highlight to elements matched by the ``selector``. Provides a style adjustment.</doc>
<msg timestamp="20231212 10:03:49.227" level="INFO">Highlighted 1 elements for 5000.</msg>
<status status="PASS" starttime="20231212 10:03:49.170" endtime="20231212 10:03:49.228"/>
</kw>
<kw name="Take Screenshot" library="Browser">
<arg>fullPage=${true}</arg>
<tag>PageContent</tag>
<doc>Takes a screenshot of the current window or element and saves it to disk.</doc>
<msg timestamp="20231212 10:03:49.540" level="INFO" html="true">&lt;/td&gt;&lt;/tr&gt;&lt;tr&gt;&lt;td colspan="3"&gt;&lt;a href="browser/screenshot/robotframework-browser-screenshot-5.png" target="_blank"&gt;&lt;img src="browser/screenshot/robotframework-browser-screenshot-5.png" width="800px"/&gt;&lt;/a&gt;</msg>
<status status="PASS" starttime="20231212 10:03:49.230" endtime="20231212 10:03:49.540"/>
</kw>
<status status="PASS" starttime="20231212 10:03:45.817" endtime="20231212 10:03:49.548"/>
</kw>
<status status="PASS" starttime="20231212 10:03:45.817" endtime="20231212 10:03:49.549"/>
</kw>
<status status="PASS" starttime="20231212 10:03:15.543" endtime="20231212 10:03:49.552"/>
</test>
<test id="s1-t4" name="Exemplo utilizando requisições https" line="24">
<kw name="Abrir o navegador" library="serve-rest-front">
<kw name="New Browser" library="Browser">
<arg>browser=${BROWSER}</arg>
<arg>headless=${HEADLESS}</arg>
<tag>BrowserControl</tag>
<tag>Setter</tag>
<doc>Create a new playwright Browser with specified options.</doc>
<msg timestamp="20231212 10:03:55.005" level="INFO">Switching browser to browser=91ac66e2-c636-400c-8357-e2e8b264382e</msg>
<msg timestamp="20231212 10:03:55.010" level="INFO">Successfully changed active browser: browser=91ac66e2-c636-400c-8357-e2e8b264382e</msg>
<msg timestamp="20231212 10:03:55.010" level="INFO">Reusing existing browser with id: browser=91ac66e2-c636-400c-8357-e2e8b264382e</msg>
<status status="PASS" starttime="20231212 10:03:54.850" endtime="20231212 10:03:55.010"/>
</kw>
<kw name="Uuid 4" library="FakerLibrary">
<var>${TRACE_NAME}</var>
<doc>Generate a random UUID4 object and cast it to another type if specified using a callable ``cast_to``.</doc>
<msg timestamp="20231212 10:03:55.010" level="INFO">${TRACE_NAME} = 98278531-460c-407b-8163-5ae2bbcc2387</msg>
<status status="PASS" starttime="20231212 10:03:55.010" endtime="20231212 10:03:55.010"/>
</kw>
<kw name="Get Current Date" library="DateTime">
<var>${NOW}</var>
<arg>result_format=%d-%m-%Y_%H%M%S</arg>
<doc>Returns current local or UTC time with an optional increment.</doc>
<msg timestamp="20231212 10:03:55.019" level="INFO">${NOW} = 12-12-2023_100355</msg>
<status status="PASS" starttime="20231212 10:03:55.010" endtime="20231212 10:03:55.020"/>
</kw>
<kw name="New Context" library="Browser">
<arg>viewport={'width': 1200, 'height': 800}</arg>
<tag>BrowserControl</tag>
<tag>Setter</tag>
<doc>Create a new BrowserContext with specified options.</doc>
<msg timestamp="20231212 10:03:55.204" level="INFO">{
  "acceptDownloads": true,
  "bypassCSP": false,
  "forcedColors": "none",
  "ignoreHTTPSErrors": false,
  "javaScriptEnabled": true,
  "offline": false,
  "reducedMotion": "no-preference",
  "serviceWorkers": "allow",
  "viewport": {
    "height": 800,
    "width": 1200
  }
}</msg>
<msg timestamp="20231212 10:03:55.263" level="INFO">Successfully created context. </msg>
<msg timestamp="20231212 10:03:55.263" level="INFO">{'acceptDownloads': True, 'bypassCSP': False, 'forcedColors': 'none', 'ignoreHTTPSErrors': False, 'javaScriptEnabled': True, 'offline': False, 'reducedMotion': 'no-preference', 'serviceWorkers': 'allow', 'viewport': {'height': 800, 'width': 1200}}</msg>
<status status="PASS" starttime="20231212 10:03:55.021" endtime="20231212 10:03:55.263"/>
</kw>
<status status="PASS" starttime="20231212 10:03:54.844" endtime="20231212 10:03:55.269"/>
</kw>
<kw name="Ir para o site Serve Rest Front" library="serve-rest-front">
<kw name="New Page" library="Browser">
<arg>url=${SITE_SERVE_REST}</arg>
<tag>BrowserControl</tag>
<tag>Setter</tag>
<doc>Open a new Page.</doc>
<msg timestamp="20231212 10:03:58.348" level="INFO">Successfully initialized new page object and opened url: https://front.serverest.dev/</msg>
<status status="PASS" starttime="20231212 10:03:55.272" endtime="20231212 10:03:58.348"/>
</kw>
<kw name="Get Title" library="Browser">
<var>${title}</var>
<arg>==</arg>
<arg>Front - ServeRest</arg>
<tag>Assertion</tag>
<tag>Getter</tag>
<tag>PageContent</tag>
<doc>Returns the title of the current page.</doc>
<msg timestamp="20231212 10:03:58.868" level="INFO">Title: 'Front - ServeRest'</msg>
<msg timestamp="20231212 10:03:58.868" level="INFO">${title} = Front - ServeRest</msg>
<status status="PASS" starttime="20231212 10:03:58.348" endtime="20231212 10:03:58.868"/>
</kw>
<status status="PASS" starttime="20231212 10:03:55.271" endtime="20231212 10:03:58.868"/>
</kw>
<kw name="Criar usuário via API" library="serve-rest-front">
<kw name="Email" library="FakerLibrary">
<var>${EMAIL}</var>
<msg timestamp="20231212 10:03:58.876" level="INFO">${EMAIL} = trantroy@example.org</msg>
<status status="PASS" starttime="20231212 10:03:58.868" endtime="20231212 10:03:58.877"/>
</kw>
<kw name="Set Suite Variable" library="BuiltIn">
<arg>${EMAIL}</arg>
<doc>Makes a variable available everywhere within the scope of the current suite.</doc>
<msg timestamp="20231212 10:03:58.880" level="INFO">${EMAIL} = trantroy@example.org</msg>
<status status="PASS" starttime="20231212 10:03:58.878" endtime="20231212 10:03:58.880"/>
</kw>
<kw name="Http" library="Browser">
<var>${resposta}</var>
<arg>url=https://serverest.dev/usuarios</arg>
<arg>method=POST</arg>
<arg>body={"nome": "Augusto Oliveira","email": "${EMAIL}","password": "123456","administrador": "true"}</arg>
<tag>HTTP</tag>
<doc>Performs an HTTP request in the current browser context</doc>
<msg timestamp="20231212 10:03:59.530" level="INFO">{'status': 201, 'body': {'message': 'Cadastro realizado com sucesso', '_id': 'J4CWi89SHmG9S9GS'}, 'headers': {'content-length': '82', 'content-type': 'application/json; charset=utf-8'}, 'type': 'cors', 'statusText': '', 'url': 'https://serverest.dev/usuarios', 'ok': True, 'redirected': False}</msg>
<msg timestamp="20231212 10:03:59.531" level="INFO">${resposta} = {'status': 201, 'body': {'message': 'Cadastro realizado com sucesso', '_id': 'J4CWi89SHmG9S9GS'}, 'headers': {'content-length': '82', 'content-type': 'application/json; charset=utf-8'}, 'type': 'cors'...</msg>
<status status="PASS" starttime="20231212 10:03:58.880" endtime="20231212 10:03:59.531"/>
</kw>
<kw name="Should Be Equal As Integers" library="BuiltIn">
<arg>${resposta["status"]}</arg>
<arg>201</arg>
<doc>Fails if objects are unequal after converting them to integers.</doc>
<msg timestamp="20231212 10:03:59.531" level="INFO">Argument types are:
&lt;class 'int'&gt;
&lt;class 'str'&gt;</msg>
<status status="PASS" starttime="20231212 10:03:59.531" endtime="20231212 10:03:59.531"/>
</kw>
<status status="PASS" starttime="20231212 10:03:58.868" endtime="20231212 10:03:59.531"/>
</kw>
<kw name="Logar com o usuário cadastrado via API" library="serve-rest-front">
<kw name="Http" library="Browser">
<var>${resposta}</var>
<arg>url=https://serverest.dev/login</arg>
<arg>method=POST</arg>
<arg>body={"email": "${EMAIL}","password": "123456"}</arg>
<tag>HTTP</tag>
<doc>Performs an HTTP request in the current browser context</doc>
<msg timestamp="20231212 10:03:59.989" level="INFO">{'status': 200, 'body': {'message': 'Login realizado com sucesso', 'authorization': 'Bearer eyJhbGciOiJIUzI1NiIsInR5cCI6IkpXVCJ9.eyJlbWFpbCI6InRyYW50cm95QGV4YW1wbGUub3JnIiwicGFzc3dvcmQiOiIxMjM0NTYiLCJpYXQiOjE3MDIzODYyNDAsImV4cCI6MTcwMjM4Njg0MH0.H9KU_2S1gtc3CuDLkTPAqUaerqSA4HdcrWl6EAOiyco'}, 'headers': {'content-length': '276', 'content-type': 'application/json; charset=utf-8'}, 'type': 'cors', 'statusText': '', 'url': 'https://serverest.dev/login', 'ok': True, 'redirected': False}</msg>
<msg timestamp="20231212 10:03:59.989" level="INFO">${resposta} = {'status': 200, 'body': {'message': 'Login realizado com sucesso', 'authorization': 'Bearer eyJhbGciOiJIUzI1NiIsInR5cCI6IkpXVCJ9.eyJlbWFpbCI6InRyYW50cm95QGV4YW1wbGUub3JnIiwicGFzc3dvcmQiOiIxMjM0NTYiLCJ...</msg>
<status status="PASS" starttime="20231212 10:03:59.542" endtime="20231212 10:03:59.989"/>
</kw>
<kw name="Should Be Equal As Integers" library="BuiltIn">
<arg>${resposta["status"]}</arg>
<arg>200</arg>
<doc>Fails if objects are unequal after converting them to integers.</doc>
<msg timestamp="20231212 10:03:59.997" level="INFO">Argument types are:
&lt;class 'int'&gt;
&lt;class 'str'&gt;</msg>
<status status="PASS" starttime="20231212 10:03:59.989" endtime="20231212 10:03:59.998"/>
</kw>
<kw name="LocalStorage Set Item" library="Browser">
<arg>serverest/userEmail</arg>
<arg>${EMAIL}</arg>
<tag>PageContent</tag>
<tag>Setter</tag>
<doc>Save data to the local storage.</doc>
<msg timestamp="20231212 10:04:00.052" level="INFO">JavaScript executed successfully.</msg>
<status status="PASS" starttime="20231212 10:04:00.000" endtime="20231212 10:04:00.060"/>
</kw>
<kw name="LocalStorage Set Item" library="Browser">
<arg>serverest/userToken</arg>
<arg>${resposta["body"]["authorization"]}</arg>
<tag>PageContent</tag>
<tag>Setter</tag>
<doc>Save data to the local storage.</doc>
<msg timestamp="20231212 10:04:00.098" level="INFO">JavaScript executed successfully.</msg>
<status status="PASS" starttime="20231212 10:04:00.060" endtime="20231212 10:04:00.098"/>
</kw>
<kw name="LocalStorage Set Item" library="Browser">
<arg>serverest/userNome</arg>
<arg>Augusto Oliveira</arg>
<tag>PageContent</tag>
<tag>Setter</tag>
<doc>Save data to the local storage.</doc>
<msg timestamp="20231212 10:04:00.120" level="INFO">JavaScript executed successfully.</msg>
<status status="PASS" starttime="20231212 10:04:00.099" endtime="20231212 10:04:00.120"/>
</kw>
<kw name="Go To" library="Browser">
<arg>url=https://front.serverest.dev/admin/home</arg>
<tag>BrowserControl</tag>
<tag>Setter</tag>
<doc>Navigates to the given ``url``.</doc>
<msg timestamp="20231212 10:04:01.633" level="INFO">Successfully opened URL https://front.serverest.dev/admin/home</msg>
<status status="PASS" starttime="20231212 10:04:00.128" endtime="20231212 10:04:01.635"/>
</kw>
<kw name="Take Screenshot" library="Browser">
<tag>PageContent</tag>
<doc>Takes a screenshot of the current window or element and saves it to disk.</doc>
<msg timestamp="20231212 10:04:02.387" level="INFO" html="true">&lt;/td&gt;&lt;/tr&gt;&lt;tr&gt;&lt;td colspan="3"&gt;&lt;a href="browser/screenshot/robotframework-browser-screenshot-6.png" target="_blank"&gt;&lt;img src="browser/screenshot/robotframework-browser-screenshot-6.png" width="800px"/&gt;&lt;/a&gt;</msg>
<status status="PASS" starttime="20231212 10:04:01.636" endtime="20231212 10:04:02.388"/>
</kw>
<status status="PASS" starttime="20231212 10:03:59.531" endtime="20231212 10:04:02.388"/>
</kw>
<status status="PASS" starttime="20231212 10:03:54.830" endtime="20231212 10:04:02.390"/>
</test>
<test id="s1-t5" name="Exemplo utilizando o Storage de Armazenamento no Contexto" line="30">
<kw name="Abrir o site Serve Rest Front logado" library="serve-rest-front">
<kw name="New Browser" library="Browser">
<arg>browser=${BROWSER}</arg>
<arg>headless=${HEADLESS}</arg>
<tag>BrowserControl</tag>
<tag>Setter</tag>
<doc>Create a new playwright Browser with specified options.</doc>
<msg timestamp="20231212 10:04:07.884" level="INFO">Switching browser to browser=91ac66e2-c636-400c-8357-e2e8b264382e</msg>
<msg timestamp="20231212 10:04:07.890" level="INFO">Successfully changed active browser: browser=91ac66e2-c636-400c-8357-e2e8b264382e</msg>
<msg timestamp="20231212 10:04:07.892" level="INFO">Reusing existing browser with id: browser=91ac66e2-c636-400c-8357-e2e8b264382e</msg>
<status status="PASS" starttime="20231212 10:04:07.725" endtime="20231212 10:04:07.894"/>
</kw>
<kw name="New Context" library="Browser">
<arg>viewport={'width': 1200, 'height': 800}</arg>
<arg>storageState=${STORAGE_FILE}</arg>
<tag>BrowserControl</tag>
<tag>Setter</tag>
<doc>Create a new BrowserContext with specified options.</doc>
<msg timestamp="20231212 10:04:07.969" level="INFO">{
  "acceptDownloads": true,
  "bypassCSP": false,
  "forcedColors": "none",
  "ignoreHTTPSErrors": false,
  "javaScriptEnabled": true,
  "offline": false,
  "reducedMotion": "no-preference",
  "serviceWorkers": "allow",
  "storageState": "C:\\Projetos\\robot-playwright\\browser\\state\\20f77e87-9e9b-4d9c-bee7-db516c391f7d.json",
  "viewport": {
    "height": 800,
    "width": 1200
  }
}</msg>
<msg timestamp="20231212 10:04:08.664" level="INFO">Successfully created context. </msg>
<msg timestamp="20231212 10:04:08.665" level="INFO">{'acceptDownloads': True, 'bypassCSP': False, 'forcedColors': 'none', 'ignoreHTTPSErrors': False, 'javaScriptEnabled': True, 'offline': False, 'reducedMotion': 'no-preference', 'serviceWorkers': 'allow', 'storageState': 'C:\\Projetos\\robot-playwright\\browser\\state\\20f77e87-9e9b-4d9c-bee7-db516c391f7d.json', 'viewport': {'height': 800, 'width': 1200}}</msg>
<status status="PASS" starttime="20231212 10:04:07.895" endtime="20231212 10:04:08.666"/>
</kw>
<kw name="New Page" library="Browser">
<arg>url=https://front.serverest.dev/admin/home</arg>
<tag>BrowserControl</tag>
<tag>Setter</tag>
<doc>Open a new Page.</doc>
<msg timestamp="20231212 10:04:10.992" level="INFO">Successfully initialized new page object and opened url: https://front.serverest.dev/admin/home</msg>
<status status="PASS" starttime="20231212 10:04:08.667" endtime="20231212 10:04:10.993"/>
</kw>
<kw name="Get Text" library="Browser">
<arg>h1</arg>
<arg>==</arg>
<arg>Bem Vindo Augusto Oliveira</arg>
<tag>Assertion</tag>
<tag>Getter</tag>
<tag>PageContent</tag>
<doc>Returns text attribute of the element found by ``selector``.</doc>
<msg timestamp="20231212 10:04:13.632" level="INFO">Highlighted 1 elements for 2000.</msg>
<msg timestamp="20231212 10:04:13.634" level="INFO">Text: 'Bem Vindo Augusto Oliveira'</msg>
<status status="PASS" starttime="20231212 10:04:10.994" endtime="20231212 10:04:13.636"/>
</kw>
<kw name="Take Screenshot" library="Browser">
<tag>PageContent</tag>
<doc>Takes a screenshot of the current window or element and saves it to disk.</doc>
<msg timestamp="20231212 10:04:14.084" level="INFO" html="true">&lt;/td&gt;&lt;/tr&gt;&lt;tr&gt;&lt;td colspan="3"&gt;&lt;a href="browser/screenshot/robotframework-browser-screenshot-7.png" target="_blank"&gt;&lt;img src="browser/screenshot/robotframework-browser-screenshot-7.png" width="800px"/&gt;&lt;/a&gt;</msg>
<status status="PASS" starttime="20231212 10:04:13.636" endtime="20231212 10:04:14.084"/>
</kw>
<status status="PASS" starttime="20231212 10:04:07.723" endtime="20231212 10:04:14.084"/>
</kw>
<kw name="Acessar a lista de usuários" library="serve-rest-front">
<kw name="Click" library="Browser">
<arg>css=a[data-testid='listarUsuarios']</arg>
<tag>PageContent</tag>
<tag>Setter</tag>
<doc>Simulates mouse click on the element found by ``selector``.</doc>
<msg timestamp="20231212 10:04:14.224" level="INFO">Highlighted 1 elements for 2000.</msg>
<status status="PASS" starttime="20231212 10:04:14.084" endtime="20231212 10:04:16.405"/>
</kw>
<status status="PASS" starttime="20231212 10:04:14.084" endtime="20231212 10:04:16.405"/>
</kw>
<status status="PASS" starttime="20231212 10:04:07.685" endtime="20231212 10:04:16.406"/>
</test>
<status status="PASS" starttime="20231212 10:01:58.377" endtime="20231212 10:04:21.569"/>
</suite>
<statistics>
<total>
<stat pass="5" fail="0" skip="0">All Tests</stat>
</total>
<tag>
</tag>
<suite>
<stat pass="5" fail="0" skip="0" id="s1" name="Serve-Rest-Front">Serve-Rest-Front</stat>
</suite>
</statistics>
<errors>
</errors>
</robot>
